[INFO] Scanning for projects...
[ERROR] [ERROR] Some problems were encountered while processing the POMs:
[ERROR] 'dependencies.dependency.version' for org.springframework.boot:spring-boot-starter-webmvc:jar is missing. @ line 48, column 15
[ERROR] 'dependencies.dependency.version' for org.springframework.boot:spring-boot-starter-data-jpa-test:jar is missing. @ line 65, column 15
[ERROR] 'dependencies.dependency.version' for org.springframework.boot:spring-boot-starter-validation-test:jar is missing. @ line 70, column 15
[ERROR] 'dependencies.dependency.version' for org.springframework.boot:spring-boot-starter-webmvc-test:jar is missing. @ line 75, column 15
[ERROR] 'dependencies.dependency.version' for org.springframework.boot:spring-boot-starter-security-oauth2-resource-server:jar is missing. @ line 100, column 15
 @ 
[ERROR] The build could not read 1 project -> [Help 1]
[ERROR]   
[ERROR]   The project com.bookommerce:resource-server:0.0.1-SNAPSHOT (C:\Users\PC\OneDrive\Desktop\bookommerce\resource-server\pom.xml) has 5 errors
[ERROR]     'dependencies.dependency.version' for org.springframework.boot:spring-boot-starter-webmvc:jar is missing. @ line 48, column 15
[ERROR]     'dependencies.dependency.version' for org.springframework.boot:spring-boot-starter-data-jpa-test:jar is missing. @ line 65, column 15
[ERROR]     'dependencies.dependency.version' for org.springframework.boot:spring-boot-starter-validation-test:jar is missing. @ line 70, column 15
[ERROR]     'dependencies.dependency.version' for org.springframework.boot:spring-boot-starter-webmvc-test:jar is missing. @ line 75, column 15
[ERROR]     'dependencies.dependency.version' for org.springframework.boot:spring-boot-starter-security-oauth2-resource-server:jar is missing. @ line 100, column 15
[ERROR] 
[ERROR] To see the full stack trace of the errors, re-run Maven with the -e switch.
[ERROR] Re-run Maven using the -X switch to enable full debug logging.
[ERROR] 
[ERROR] For more information about the errors and possible solutions, please read the following articles:
[ERROR] [Help 1] http://cwiki.apache.org/confluence/display/MAVEN/ProjectBuildingException
